#
# There is insufficient memory for the Java Runtime Environment to continue.
# Native memory allocation (malloc) failed to allocate 32744 bytes for ChunkPool::allocate
# Possible reasons:
#   The system is out of physical RAM or swap space
#   In 32 bit mode, the process size limit was hit
# Possible solutions:
#   Reduce memory load on the system
#   Increase physical memory or swap space
#   Check if swap backing store is full
#   Use 64 bit Java on a 64 bit OS
#   Decrease Java heap size (-Xmx/-Xms)
#   Decrease number of Java threads
#   Decrease Java thread stack sizes (-Xss)
#   Set larger code cache with -XX:ReservedCodeCacheSize=
# This output file may be truncated or incomplete.
#
#  Out of Memory Error (allocation.cpp:273), pid=18068, tid=0x00000000000010ac
#
# JRE version: Java(TM) SE Runtime Environment (8.0_191-b12) (build 1.8.0_191-b12)
# Java VM: Java HotSpot(TM) 64-Bit Server VM (25.191-b12 mixed mode windows-amd64 compressed oops)
# Failed to write core dump. Minidumps are not enabled by default on client versions of Windows
#

---------------  T H R E A D  ---------------

Current thread (0x0000000017e5a000):  JavaThread "C2 CompilerThread0" daemon [_thread_in_native, id=4268, stack(0x0000000019750000,0x0000000019850000)]

Stack: [0x0000000019750000,0x0000000019850000]
[error occurred during error reporting (printing stack bounds), id 0xc0000005]

Native frames: (J=compiled Java code, j=interpreted, Vv=VM code, C=native code)


Current CompileTask:
C2:   3255 1553   !   4       java.net.URLClassLoader$1::run (63 bytes)


---------------  P R O C E S S  ---------------

Java Threads: ( => current thread )
  0x000000001a6f6800 JavaThread "background-preinit" [_thread_in_vm, id=5776, stack(0x000000001bad0000,0x000000001bbd0000)]
  0x00000000193e3800 JavaThread "surefire-forkedjvm-ping-30s" daemon [_thread_blocked, id=10856, stack(0x0000000019d50000,0x0000000019e50000)]
  0x00000000192ae800 JavaThread "surefire-forkedjvm-command-thread" daemon [_thread_in_native, id=11044, stack(0x0000000019c50000,0x0000000019d50000)]
  0x00000000191cc800 JavaThread "Service Thread" daemon [_thread_blocked, id=16104, stack(0x0000000019a50000,0x0000000019b50000)]
  0x000000001915f000 JavaThread "C1 CompilerThread2" daemon [_thread_blocked, id=20444, stack(0x0000000019950000,0x0000000019a50000)]
  0x0000000017e5d800 JavaThread "C2 CompilerThread1" daemon [_thread_in_native, id=19420, stack(0x0000000019850000,0x0000000019950000)]
=>0x0000000017e5a000 JavaThread "C2 CompilerThread0" daemon [_thread_in_native, id=4268, stack(0x0000000019750000,0x0000000019850000)]
  0x0000000017e0f000 JavaThread "Attach Listener" daemon [_thread_blocked, id=10980, stack(0x0000000019650000,0x0000000019750000)]
  0x0000000019158800 JavaThread "Signal Dispatcher" daemon [_thread_blocked, id=15212, stack(0x0000000019550000,0x0000000019650000)]
  0x00000000032bc800 JavaThread "Finalizer" daemon [_thread_blocked, id=756, stack(0x0000000019050000,0x0000000019150000)]
  0x0000000017dea000 JavaThread "Reference Handler" daemon [_thread_blocked, id=18368, stack(0x0000000018f50000,0x0000000019050000)]
  0x00000000031be800 JavaThread "main" [_thread_in_Java, id=444, stack(0x00000000030b0000,0x00000000031b0000)]

Other Threads:
  0x0000000017dc6800 VMThread [stack: 0x0000000018e50000,0x0000000018f50000] [id=11476]
  0x00000000191f8000 WatcherThread [stack: 0x0000000019b50000,0x0000000019c50000] [id=13956]

VM state:not at safepoint (normal execution)

VM Mutex/Monitor currently owned by a thread: None

Heap:
 PSYoungGen      total 71680K, used 44479K [0x00000000d5e00000, 0x00000000dea00000, 0x0000000100000000)
  eden space 66560K, 66% used [0x00000000d5e00000,0x00000000d896ff10,0x00000000d9f00000)
  from space 5120K, 0% used [0x00000000d9f00000,0x00000000d9f00000,0x00000000da400000)
  to   space 5120K, 0% used [0x00000000de500000,0x00000000de500000,0x00000000dea00000)
 ParOldGen       total 59392K, used 10110K [0x0000000081a00000, 0x0000000085400000, 0x00000000d5e00000)
  object space 59392K, 17% used [0x0000000081a00000,0x00000000823df8e8,0x0000000085400000)
 Metaspace       used 24552K, capacity 25246K, committed 25392K, reserved 1071104K
  class space    used 3160K, capacity 3363K, committed 3376K, reserved 1048576K

Card table byte_map: [0x0000000012680000,0x0000000012a80000] byte_map_base: 0x0000000012273000

Marking Bits: (ParMarkBitMap*) 0x000000005bf73e30
 Begin Bits: [0x0000000013130000, 0x00000000150c8000)
 End Bits:   [0x00000000150c8000, 0x0000000017060000)

Polling page: 0x0000000000e60000

CodeCache: size=245760Kb used=6159Kb max_used=6159Kb free=239600Kb
 bounds [0x00000000032c0000, 0x00000000038d0000, 0x00000000122c0000]
 total_blobs=2152 nmethods=1761 adapters=303
 compilation: enabled

Compilation events (10 events):
Event: 3.234 Thread 0x000000001915f000 1763       3       org.springframework.core.io.ClassPathResource::equals (69 bytes)
Event: 3.234 Thread 0x000000001915f000 nmethod 1763 0x00000000038bb9d0 code [0x00000000038bbb80, 0x00000000038bc168]
Event: 3.236 Thread 0x000000001915f000 1764       3       org.springframework.core.type.classreading.AnnotationReadingVisitorUtils::getMergedAnnotationAttributes (238 bytes)
Event: 3.239 Thread 0x000000001915f000 nmethod 1764 0x00000000038bc2d0 code [0x00000000038bc740, 0x00000000038bf388]
Event: 3.239 Thread 0x000000001915f000 1766       1       sun.reflect.ByteVectorImpl::getLength (7 bytes)
Event: 3.239 Thread 0x000000001915f000 nmethod 1766 0x00000000038c0e10 code [0x00000000038c0f60, 0x00000000038c1070]
Event: 3.239 Thread 0x000000001915f000 1765   !   3       org.springframework.core.type.classreading.SimpleMetadataReaderFactory::getMetadataReader (156 bytes)
Event: 3.241 Thread 0x000000001915f000 nmethod 1765 0x00000000038c10d0 code [0x00000000038c14e0, 0x00000000038c3ad8]
Event: 3.249 Thread 0x000000001915f000 1767       3       java.lang.Throwable::<init> (39 bytes)
Event: 3.249 Thread 0x000000001915f000 nmethod 1767 0x00000000038c4f50 code [0x00000000038c50c0, 0x00000000038c53c8]

GC Heap History (8 events):
Event: 1.223 GC heap before
{Heap before GC invocations=1 (full 0):
 PSYoungGen      total 38400K, used 33280K [0x00000000d5e00000, 0x00000000d8880000, 0x0000000100000000)
  eden space 33280K, 100% used [0x00000000d5e00000,0x00000000d7e80000,0x00000000d7e80000)
  from space 5120K, 0% used [0x00000000d8380000,0x00000000d8380000,0x00000000d8880000)
  to   space 5120K, 0% used [0x00000000d7e80000,0x00000000d7e80000,0x00000000d8380000)
 ParOldGen       total 87552K, used 0K [0x0000000081a00000, 0x0000000086f80000, 0x00000000d5e00000)
  object space 87552K, 0% used [0x0000000081a00000,0x0000000081a00000,0x0000000086f80000)
 Metaspace       used 9962K, capacity 10176K, committed 10496K, reserved 1058816K
  class space    used 1157K, capacity 1242K, committed 1280K, reserved 1048576K
Event: 1.237 GC heap after
Heap after GC invocations=1 (full 0):
 PSYoungGen      total 38400K, used 5114K [0x00000000d5e00000, 0x00000000da900000, 0x0000000100000000)
  eden space 33280K, 0% used [0x00000000d5e00000,0x00000000d5e00000,0x00000000d7e80000)
  from space 5120K, 99% used [0x00000000d7e80000,0x00000000d837ea70,0x00000000d8380000)
  to   space 5120K, 0% used [0x00000000da400000,0x00000000da400000,0x00000000da900000)
 ParOldGen       total 87552K, used 420K [0x0000000081a00000, 0x0000000086f80000, 0x00000000d5e00000)
  object space 87552K, 0% used [0x0000000081a00000,0x0000000081a693f0,0x0000000086f80000)
 Metaspace       used 9962K, capacity 10176K, committed 10496K, reserved 1058816K
  class space    used 1157K, capacity 1242K, committed 1280K, reserved 1048576K
}
Event: 1.772 GC heap before
{Heap before GC invocations=2 (full 0):
 PSYoungGen      total 38400K, used 38394K [0x00000000d5e00000, 0x00000000da900000, 0x0000000100000000)
  eden space 33280K, 100% used [0x00000000d5e00000,0x00000000d7e80000,0x00000000d7e80000)
  from space 5120K, 99% used [0x00000000d7e80000,0x00000000d837ea70,0x00000000d8380000)
  to   space 5120K, 0% used [0x00000000da400000,0x00000000da400000,0x00000000da900000)
 ParOldGen       total 87552K, used 420K [0x0000000081a00000, 0x0000000086f80000, 0x00000000d5e00000)
  object space 87552K, 0% used [0x0000000081a00000,0x0000000081a693f0,0x0000000086f80000)
 Metaspace       used 14032K, capacity 14414K, committed 14592K, reserved 1062912K
  class space    used 1691K, capacity 1791K, committed 1792K, reserved 1048576K
Event: 1.813 GC heap after
Heap after GC invocations=2 (full 0):
 PSYoungGen      total 71680K, used 5103K [0x00000000d5e00000, 0x00000000da900000, 0x0000000100000000)
  eden space 66560K, 0% used [0x00000000d5e00000,0x00000000d5e00000,0x00000000d9f00000)
  from space 5120K, 99% used [0x00000000da400000,0x00000000da8fbe78,0x00000000da900000)
  to   space 5120K, 0% used [0x00000000d9f00000,0x00000000d9f00000,0x00000000da400000)
 ParOldGen       total 87552K, used 1000K [0x0000000081a00000, 0x0000000086f80000, 0x00000000d5e00000)
  object space 87552K, 1% used [0x0000000081a00000,0x0000000081afa298,0x0000000086f80000)
 Metaspace       used 14032K, capacity 14414K, committed 14592K, reserved 1062912K
  class space    used 1691K, capacity 1791K, committed 1792K, reserved 1048576K
}
Event: 2.606 GC heap before
{Heap before GC invocations=3 (full 0):
 PSYoungGen      total 71680K, used 65476K [0x00000000d5e00000, 0x00000000da900000, 0x0000000100000000)
  eden space 66560K, 90% used [0x00000000d5e00000,0x00000000d98f5530,0x00000000d9f00000)
  from space 5120K, 99% used [0x00000000da400000,0x00000000da8fbe78,0x00000000da900000)
  to   space 5120K, 0% used [0x00000000d9f00000,0x00000000d9f00000,0x00000000da400000)
 ParOldGen       total 87552K, used 1000K [0x0000000081a00000, 0x0000000086f80000, 0x00000000d5e00000)
  object space 87552K, 1% used [0x0000000081a00000,0x0000000081afa298,0x0000000086f80000)
 Metaspace       used 20585K, capacity 21178K, committed 21296K, reserved 1067008K
  class space    used 2648K, capacity 2829K, committed 2864K, reserved 1048576K
Event: 2.623 GC heap after
Heap after GC invocations=3 (full 0):
 PSYoungGen      total 71680K, used 5105K [0x00000000d5e00000, 0x00000000dea00000, 0x0000000100000000)
  eden space 66560K, 0% used [0x00000000d5e00000,0x00000000d5e00000,0x00000000d9f00000)
  from space 5120K, 99% used [0x00000000d9f00000,0x00000000da3fc7d8,0x00000000da400000)
  to   space 5120K, 0% used [0x00000000de500000,0x00000000de500000,0x00000000dea00000)
 ParOldGen       total 87552K, used 6323K [0x0000000081a00000, 0x0000000086f80000, 0x00000000d5e00000)
  object space 87552K, 7% used [0x0000000081a00000,0x000000008202cc28,0x0000000086f80000)
 Metaspace       used 20585K, capacity 21178K, committed 21296K, reserved 1067008K
  class space    used 2648K, capacity 2829K, committed 2864K, reserved 1048576K
}
Event: 2.623 GC heap before
{Heap before GC invocations=4 (full 1):
 PSYoungGen      total 71680K, used 5105K [0x00000000d5e00000, 0x00000000dea00000, 0x0000000100000000)
  eden space 66560K, 0% used [0x00000000d5e00000,0x00000000d5e00000,0x00000000d9f00000)
  from space 5120K, 99% used [0x00000000d9f00000,0x00000000da3fc7d8,0x00000000da400000)
  to   space 5120K, 0% used [0x00000000de500000,0x00000000de500000,0x00000000dea00000)
 ParOldGen       total 87552K, used 6323K [0x0000000081a00000, 0x0000000086f80000, 0x00000000d5e00000)
  object space 87552K, 7% used [0x0000000081a00000,0x000000008202cc28,0x0000000086f80000)
 Metaspace       used 20585K, capacity 21178K, committed 21296K, reserved 1067008K
  class space    used 2648K, capacity 2829K, committed 2864K, reserved 1048576K
Event: 2.664 GC heap after
Heap after GC invocations=4 (full 1):
 PSYoungGen      total 71680K, used 0K [0x00000000d5e00000, 0x00000000dea00000, 0x0000000100000000)
  eden space 66560K, 0% used [0x00000000d5e00000,0x00000000d5e00000,0x00000000d9f00000)
  from space 5120K, 0% used [0x00000000d9f00000,0x00000000d9f00000,0x00000000da400000)
  to   space 5120K, 0% used [0x00000000de500000,0x00000000de500000,0x00000000dea00000)
 ParOldGen       total 59392K, used 10110K [0x0000000081a00000, 0x0000000085400000, 0x00000000d5e00000)
  object space 59392K, 17% used [0x0000000081a00000,0x00000000823df8e8,0x0000000085400000)
 Metaspace       used 20585K, capacity 21178K, committed 21296K, reserved 1067008K
  class space    used 2648K, capacity 2829K, committed 2864K, reserved 1048576K
}

Deoptimization events (10 events):
Event: 1.712 Thread 0x00000000031be800 Uncommon trap: reason=unstable_if action=reinterpret pc=0x00000000035bfce8 method=java.util.HashMap.hash(Ljava/lang/Object;)I @ 1
Event: 1.908 Thread 0x00000000031be800 Uncommon trap: reason=unstable_if action=reinterpret pc=0x00000000036b42f8 method=java.util.concurrent.ConcurrentHashMap.putVal(Ljava/lang/Object;Ljava/lang/Object;Z)Ljava/lang/Object; @ 113
Event: 1.979 Thread 0x00000000031be800 Uncommon trap: reason=unstable_if action=reinterpret pc=0x00000000036a3b10 method=java.net.URL.<init>(Ljava/net/URL;Ljava/lang/String;Ljava/net/URLStreamHandler;)V @ 347
Event: 2.108 Thread 0x00000000031be800 Uncommon trap: reason=null_assert action=make_not_entrant pc=0x00000000035ca530 method=java.util.zip.ZipEntry.<init>(Ljava/util/zip/ZipEntry;)V @ 70
Event: 2.155 Thread 0x00000000031be800 Uncommon trap: reason=unstable_if action=reinterpret pc=0x00000000035561fc method=java.util.HashMap.hash(Ljava/lang/Object;)I @ 1
Event: 2.294 Thread 0x000000001a6f6800 Uncommon trap: reason=bimorphic action=maybe_recompile pc=0x0000000003607574 method=java.util.HashMap.putVal(ILjava/lang/Object;Ljava/lang/Object;ZZ)Ljava/lang/Object; @ 203
Event: 2.294 Thread 0x000000001a6f6800 Uncommon trap: reason=bimorphic action=maybe_recompile pc=0x0000000003607574 method=java.util.HashMap.putVal(ILjava/lang/Object;Ljava/lang/Object;ZZ)Ljava/lang/Object; @ 203
Event: 2.306 Thread 0x000000001a6f6800 Uncommon trap: reason=bimorphic action=maybe_recompile pc=0x0000000003607574 method=java.util.HashMap.putVal(ILjava/lang/Object;Ljava/lang/Object;ZZ)Ljava/lang/Object; @ 203
Event: 2.306 Thread 0x000000001a6f6800 Uncommon trap: reason=bimorphic action=maybe_recompile pc=0x0000000003607574 method=java.util.HashMap.putVal(ILjava/lang/Object;Ljava/lang/Object;ZZ)Ljava/lang/Object; @ 203
Event: 3.003 Thread 0x000000001a6f6800 Uncommon trap: reason=unstable_if action=reinterpret pc=0x0000000003738724 method=jdk.internal.org.objectweb.asm.Type.getArgumentsAndReturnSizes(Ljava/lang/String;)I @ 47

Classes redefined (0 events):
No events

Internal exceptions (10 events):
Event: 2.437 Thread 0x00000000031be800 Exception <a 'java/lang/ClassNotFoundException': org/springframework/context/ResourceLoaderAwareCustomizer> (0x00000000d8deb098) thrown at [C:\re\workspace\8-2-build-windows-amd64-cygwin\jdk8u191\11896\hotspot\src\share\vm\classfile\systemDictionary.cpp, 
Event: 2.437 Thread 0x00000000031be800 Exception <a 'java/lang/ClassNotFoundException': org/springframework/beans/factory/AwareCustomizer> (0x00000000d8e024c8) thrown at [C:\re\workspace\8-2-build-windows-amd64-cygwin\jdk8u191\11896\hotspot\src\share\vm\classfile\systemDictionary.cpp, line 210
Event: 2.438 Thread 0x00000000031be800 Exception <a 'java/lang/ClassNotFoundException': org/springframework/beans/factory/BeanClassLoaderAwareCustomizer> (0x00000000d8e1d248) thrown at [C:\re\workspace\8-2-build-windows-amd64-cygwin\jdk8u191\11896\hotspot\src\share\vm\classfile\systemDictionar
Event: 2.439 Thread 0x00000000031be800 Exception <a 'java/lang/ClassNotFoundException': org/springframework/beans/factory/AwareCustomizer> (0x00000000d8e34690) thrown at [C:\re\workspace\8-2-build-windows-amd64-cygwin\jdk8u191\11896\hotspot\src\share\vm\classfile\systemDictionary.cpp, line 210
Event: 2.440 Thread 0x00000000031be800 Exception <a 'java/lang/ClassNotFoundException': org/springframework/context/EnvironmentAwareCustomizer> (0x00000000d8e4c1e0) thrown at [C:\re\workspace\8-2-build-windows-amd64-cygwin\jdk8u191\11896\hotspot\src\share\vm\classfile\systemDictionary.cpp, lin
Event: 2.441 Thread 0x00000000031be800 Exception <a 'java/lang/ClassNotFoundException': org/springframework/beans/factory/AwareCustomizer> (0x00000000d8e63508) thrown at [C:\re\workspace\8-2-build-windows-amd64-cygwin\jdk8u191\11896\hotspot\src\share\vm\classfile\systemDictionary.cpp, line 210
Event: 2.776 Thread 0x00000000031be800 Exception <a 'java/lang/IncompatibleClassChangeError': Found class java.lang.Object, but interface was expected> (0x00000000d6b620c0) thrown at [C:\re\workspace\8-2-build-windows-amd64-cygwin\jdk8u191\11896\hotspot\src\share\vm\interpreter\linkResolver.cp
Event: 3.009 Thread 0x000000001a6f6800 Exception <a 'java/lang/IncompatibleClassChangeError': Found class java.lang.Object, but interface was expected> (0x00000000d7bcd5c8) thrown at [C:\re\workspace\8-2-build-windows-amd64-cygwin\jdk8u191\11896\hotspot\src\share\vm\interpreter\linkResolver.cp
Event: 3.103 Thread 0x00000000031be800 Exception <a 'java/security/PrivilegedActionException'> (0x00000000d81fdca0) thrown at [C:\re\workspace\8-2-build-windows-amd64-cygwin\jdk8u191\11896\hotspot\src\share\vm\prims\jvm.cpp, line 1435]
Event: 3.103 Thread 0x00000000031be800 Exception <a 'java/security/PrivilegedActionException'> (0x00000000d81fe280) thrown at [C:\re\workspace\8-2-build-windows-amd64-cygwin\jdk8u191\11896\hotspot\src\share\vm\prims\jvm.cpp, line 1435]

Events (10 events):
Event: 3.250 loading class javax/management/MBeanFeatureInfo
Event: 3.251 loading class javax/management/DescriptorRead
Event: 3.251 loading class javax/management/DescriptorRead done
Event: 3.251 loading class javax/management/MBeanFeatureInfo done
Event: 3.251 loading class javax/management/MBeanAttributeInfo
Event: 3.251 loading class javax/management/MBeanAttributeInfo done
Event: 3.252 loading class org/apache/tomcat/util/modeler/OperationInfo
Event: 3.252 loading class org/apache/tomcat/util/modeler/OperationInfo done
Event: 3.253 loading class org/apache/tomcat/util/modeler/BaseModelMBean
Event: 3.253 loading class org/apache/tomcat/util/modeler/BaseModelMBean done


Dynamic libraries:
0x00007ff7cfd10000 - 0x00007ff7cfd47000 	C:\Program Files\Java\jdk1.8.0_191\jre\bin\java.exe
0x00007ffed9a70000 - 0x00007ffed9c51000 	C:\WINDOWS\SYSTEM32\ntdll.dll
0x00007ffed8640000 - 0x00007ffed86f2000 	C:\WINDOWS\System32\KERNEL32.DLL
0x00007ffed6820000 - 0x00007ffed6a93000 	C:\WINDOWS\System32\KERNELBASE.dll
0x00007ffed9030000 - 0x00007ffed90d1000 	C:\WINDOWS\System32\ADVAPI32.dll
0x00007ffed8f90000 - 0x00007ffed902e000 	C:\WINDOWS\System32\msvcrt.dll
0x00007ffed90f0000 - 0x00007ffed914b000 	C:\WINDOWS\System32\sechost.dll
0x00007ffed98e0000 - 0x00007ffed9a04000 	C:\WINDOWS\System32\RPCRT4.dll
0x00007ffed8d10000 - 0x00007ffed8ea0000 	C:\WINDOWS\System32\USER32.dll
0x00007ffed6bf0000 - 0x00007ffed6c10000 	C:\WINDOWS\System32\win32u.dll
0x00007ffed84f0000 - 0x00007ffed8518000 	C:\WINDOWS\System32\GDI32.dll
0x00007ffed65d0000 - 0x00007ffed6762000 	C:\WINDOWS\System32\gdi32full.dll
0x00007ffed6af0000 - 0x00007ffed6b8f000 	C:\WINDOWS\System32\msvcp_win.dll
0x00007ffed6c10000 - 0x00007ffed6d08000 	C:\WINDOWS\System32\ucrtbase.dll
0x00007ffec5bb0000 - 0x00007ffec5e19000 	C:\WINDOWS\WinSxS\amd64_microsoft.windows.common-controls_6595b64144ccf1df_6.0.17134.648_none_fb45a0e93062a6d2\COMCTL32.dll
0x00007ffed89e0000 - 0x00007ffed8d02000 	C:\WINDOWS\System32\combase.dll
0x00007ffed5e40000 - 0x00007ffed5eba000 	C:\WINDOWS\System32\bcryptPrimitives.dll
0x00007ffed9a10000 - 0x00007ffed9a3d000 	C:\WINDOWS\System32\IMM32.DLL
0x000000005c000000 - 0x000000005c0d2000 	C:\Program Files\Java\jdk1.8.0_191\jre\bin\msvcr100.dll
0x000000005b750000 - 0x000000005bff4000 	C:\Program Files\Java\jdk1.8.0_191\jre\bin\server\jvm.dll
0x00007ffed90e0000 - 0x00007ffed90e8000 	C:\WINDOWS\System32\PSAPI.DLL
0x00007ffed08f0000 - 0x00007ffed08fa000 	C:\WINDOWS\SYSTEM32\VERSION.dll
0x00007ffecabb0000 - 0x00007ffecabb9000 	C:\WINDOWS\SYSTEM32\WSOCK32.dll
0x00007ffec8fb0000 - 0x00007ffec8fd3000 	C:\WINDOWS\SYSTEM32\WINMM.dll
0x00007ffed85d0000 - 0x00007ffed863c000 	C:\WINDOWS\System32\WS2_32.dll
0x00007ffec8f80000 - 0x00007ffec8faa000 	C:\WINDOWS\SYSTEM32\winmmbase.dll
0x00007ffed6aa0000 - 0x00007ffed6ae9000 	C:\WINDOWS\System32\cfgmgr32.dll
0x000000005b740000 - 0x000000005b74f000 	C:\Program Files\Java\jdk1.8.0_191\jre\bin\verify.dll
0x000000005b710000 - 0x000000005b739000 	C:\Program Files\Java\jdk1.8.0_191\jre\bin\java.dll
0x000000005b6f0000 - 0x000000005b706000 	C:\Program Files\Java\jdk1.8.0_191\jre\bin\zip.dll
0x00007ffed70b0000 - 0x00007ffed84f0000 	C:\WINDOWS\System32\SHELL32.dll
0x00007ffed8520000 - 0x00007ffed85c9000 	C:\WINDOWS\System32\shcore.dll
0x00007ffed5ec0000 - 0x00007ffed65cd000 	C:\WINDOWS\System32\windows.storage.dll
0x00007ffed9870000 - 0x00007ffed98c1000 	C:\WINDOWS\System32\shlwapi.dll
0x00007ffed5de0000 - 0x00007ffed5df1000 	C:\WINDOWS\System32\kernel.appcore.dll
0x00007ffed5e20000 - 0x00007ffed5e3f000 	C:\WINDOWS\System32\profapi.dll
0x00007ffed5d90000 - 0x00007ffed5ddc000 	C:\WINDOWS\System32\powrprof.dll
0x00007ffed5d80000 - 0x00007ffed5d8a000 	C:\WINDOWS\System32\FLTLIB.DLL
0x000000005b6a0000 - 0x000000005b6ad000 	C:\Program Files\Java\jdk1.8.0_191\jre\bin\management.dll
0x00007ffed6b90000 - 0x00007ffed6be7000 	C:\WINDOWS\System32\WINTRUST.dll
0x00007ffed5e00000 - 0x00007ffed5e12000 	C:\WINDOWS\System32\MSASN1.dll
0x00007ffed6d10000 - 0x00007ffed6ef2000 	C:\WINDOWS\System32\CRYPT32.dll
0x00007ffed9850000 - 0x00007ffed986d000 	C:\WINDOWS\System32\imagehlp.dll
0x000000005b6d0000 - 0x000000005b6ea000 	C:\Program Files\Java\jdk1.8.0_191\jre\bin\net.dll
0x00007ffed55a0000 - 0x00007ffed5606000 	C:\WINDOWS\system32\mswsock.dll
0x000000005b6b0000 - 0x000000005b6c1000 	C:\Program Files\Java\jdk1.8.0_191\jre\bin\nio.dll
0x00007ffec4ee0000 - 0x00007ffec4ef6000 	C:\WINDOWS\system32\napinsp.dll
0x00007ffec3580000 - 0x00007ffec359a000 	C:\WINDOWS\system32\pnrpnsp.dll
0x00007ffed12a0000 - 0x00007ffed12b9000 	C:\WINDOWS\system32\NLAapi.dll
0x00007ffed5360000 - 0x00007ffed541e000 	C:\WINDOWS\SYSTEM32\DNSAPI.dll
0x00007ffed9840000 - 0x00007ffed9848000 	C:\WINDOWS\System32\NSI.dll
0x00007ffed5320000 - 0x00007ffed5358000 	C:\WINDOWS\SYSTEM32\IPHLPAPI.DLL
0x00007ffed1320000 - 0x00007ffed132e000 	C:\WINDOWS\System32\winrnr.dll
0x00007ffeceb70000 - 0x00007ffeceb85000 	C:\WINDOWS\System32\wshbth.dll
0x00007ffecff40000 - 0x00007ffecff4a000 	C:\Windows\System32\rasadhlp.dll
0x00007ffed0110000 - 0x00007ffed0182000 	C:\WINDOWS\System32\fwpuclnt.dll
0x00007ffed5880000 - 0x00007ffed58a5000 	C:\WINDOWS\SYSTEM32\bcrypt.dll

VM Arguments:
java_command: C:\Users\ADMINI~1\AppData\Local\Temp\surefire1849242128299849257\surefirebooter5345041984191023729.jar C:\Users\Administrator\AppData\Local\Temp\surefire1849242128299849257 2019-03-16T16-39-34_941-jvmRun1 surefire3337916331200103847tmp surefire_03692983673145932531tmp
java_class_path (initial): C:\Users\ADMINI~1\AppData\Local\Temp\surefire1849242128299849257\surefirebooter5345041984191023729.jar
Launcher Type: SUN_STANDARD

Environment Variables:
JAVA_HOME=C:\Program Files\Java\jdk1.8.0_191
PATH=C:\Program Files (x86)\Common Files\Oracle\Java\javapath;C:\Windows\system32;"C:\Program Files\Java\jdk1.8.0_191\bin;";D:\apache-maven-3.5.3\bin;C:\Windows;C:\Windows\System32\Wbem;C:\Windows\System32\WindowsPowerShell\v1.0\;C:\Program Files (x86)\NVIDIA Corporation\PhysX\Common;C:\Program Files (x86)\MySQL\MySQL Server 5.5\bin;C:\Program Files\TortoiseSVN\bin;C:\Program Files\NVIDIA Corporation\NVIDIA NvDLISR;C:\WINDOWS\system32;C:\WINDOWS;C:\WINDOWS\System32\Wbem;C:\WINDOWS\System32\WindowsPowerShell\v1.0\;C:\WINDOWS\System32\OpenSSH\;D:\GIT\GIT\Git\cmd;C:\Users\Administrator\AppData\Local\Microsoft\WindowsApps;
USERNAME=Administrator
OS=Windows_NT
PROCESSOR_IDENTIFIER=Intel64 Family 6 Model 60 Stepping 3, GenuineIntel



---------------  S Y S T E M  ---------------

OS: Windows 10.0 , 64 bit Build 17134 (10.0.17134.648)

CPU:total 4 (initial active 4) (2 cores per cpu, 2 threads per core) family 6 model 60 stepping 3, cmov, cx8, fxsr, mmx, sse, sse2, sse3, ssse3, sse4.1, sse4.2, popcnt, avx, avx2, aes, clmul, erms, lzcnt, ht, tsc, tscinvbit, bmi1, bmi2

Memory: 4k page, physical 8274996k(954264k free), swap 11158580k(972k free)

vm_info: Java HotSpot(TM) 64-Bit Server VM (25.191-b12) for windows-amd64 JRE (1.8.0_191-b12), built on Oct  6 2018 09:29:03 by "java_re" with MS VC++ 10.0 (VS2010)

time: Sat Mar 16 16:39:40 2019
elapsed time: 3 seconds (0d 0h 0m 3s)

